1568185581324	mozrunner::runner	INFO	Running command: "C:\\Program Files (x86)\\Mozilla Firefox\\firefox.exe" "-marionette" "-foreground" "-no-remote" "-profile" "C:\\Users\\User\\AppData\\Local\\Temp\\rust_mozprofile6iVMrL"
1568185583650	Marionette	INFO	Enabled via --marionette
1568185585765	Marionette	INFO	Listening on port 53082
1568185585877	Marionette	WARN	TLS certificate errors will be ignored for this session
[Parent 37348, Gecko_IOThread] WARNING: pipe error: 109: file z:/build/build/src/ipc/chromium/src/chrome/common/ipc_channel_win.cc, line 346
[Parent 37348, Gecko_IOThread] WARNING: pipe error: 109: file z:/build/build/src/ipc/chromium/src/chrome/common/ipc_channel_win.cc, line 346
[Child 34092, C[hrome_ChildThread] WARNING: piChild 24976, Chrome_ChildThread] WARpNING: pipe erreo re:r 109: filre z:or: 109:/ file z:/build/build/src/ipc/chromiubm/src/chruild/build/sorc/ipc/mchromeium/src/chrome/common/ipc_channe/l_win.cc,common/i plcine 346
_channel_win.cc, [line 346
[Child 34092, Chrome_ChildThread] WARNING: pipe error: 109: file z:/build/build/src/ipc/chromium/src/chrome/common/ipc_channel_win.cc, line 346
[Child 34508, Chrome_ChildTh*** UTM:SVC TimerManager:registerTimer called after profile-before-change notification. Ignoring timer registration for id: telemetry_modules_ping
[GPU 28404, Chrome_ChildThread] WARNING: pi
###!!! [Child][MessageChannel::SendAndWait] Error: Channel error: cannot send/recv

1568185644479	mozrunner::runner	INFO	Running command: "C:\\Program Files (x86)\\Mozilla Firefox\\firefox.exe" "-marionette" "-foreground" "-no-remote" "-profile" "C:\\Users\\User\\AppData\\Local\\Temp\\rust_mozprofileHdWm7U"
1568185645113	Marionette	INFO	Enabled via --marionette
1568185646790	Marionette	INFO	Listening on port 53148
1568185647124	Marionette	WARN	TLS certificate errors will be ignored for this session
[Child 38636, Chrome_ChildThread] WARNING: pipe error: 109: file z:/build/build/src/ipc/chromium/src/chrome/common/ipc_channel_win.cc, line 346
[Child 38636, Chrome_ChildThread[Child 22200, Chrome_ChildThread] WARNING: pipe error: 109: file z:/build/build/src/ipc/chromium/src/chrome/common/ipc_channel_win.cc, line 346
[Child 22200, Chrome_ChildThread] WARNING: pipe error: 109: file z:/build/build/src/ipc/chromium/src/chrome/common/ipc_channel_win.cc, line 346
[Child 36096, Chrome_ChildThread] WARNING: pipe error: 109: file z:/build/build/src/ipc/chromium/src/chrome/common/ipc_channel_win.cc, line 346
[Child 360*** UTM:SVC TimerManager:registerTimer called after profile-before-change notification. Ignoring timer registration for id: telemetry_modules_ping
[GPU 37996, Chrome_ChildThread] WARNING: pipe error: 109: fi
###!!! [Child][MessageChannel::SendAndWait] Error: Channel error: cannot send/recv

1568185694174	mozrunner::runner	INFO	Running command: "C:\\Program Files (x86)\\Mozilla Firefox\\firefox.exe" "-marionette" "-foreground" "-no-remote" "-profile" "C:\\Users\\User\\AppData\\Local\\Temp\\rust_mozprofileNLJIYx"
1568185694819	Marionette	INFO	Enabled via --marionette
1568185696481	Marionette	INFO	Listening on port 53212
1568185696812	Marionette	WARN	TLS certificate errors will be ignored for this session
JavaScript error: http://www.siliconstone.com/, line 864: ReferenceError: google is not defined
[Child 32848, Chrome_ChildThread] WARNING: pipe error: 109: file z:/build/build/src/ipc/chromium/src/chrome/common/ipc_channel_win.cc, line 346
[Child 3[Child 29748, Chrome_ChildThread] WARNING: pipe error: 109: file z:/build/build/src/ipc/chromium/src/chrome/common/ipc_channel_win.cc, line 346
[Child 29748, Chrome[Parent 24136, Gecko_IOThread] WARNING: pipe error: 109: file z:/build/build/src/ipc/chromium/src/chrome/common/ipc_channel_win.cc, line 346
[Child 15296, Chrome_ChildThread] WARNING: pipe err*** UTM:SVC TimerManager:registerTimer called after profile-before-change notification. Ignoring timer registration for id: telemetry_modules_ping
[GPU 15896, Chrome_ChildThread] WARNING: pipe error: 
###!!! [Child][MessageChannel::SendAndWait] Error: Channel error: cannot send/recv

1568192733971	mozrunner::runner	INFO	Running command: "C:\\Program Files (x86)\\Mozilla Firefox\\firefox.exe" "-marionette" "-foreground" "-no-remote" "-profile" "C:\\Users\\User\\AppData\\Local\\Temp\\rust_mozprofilexz3K2K"
1568192734904	Marionette	INFO	Enabled via --marionette
1568192736664	Marionette	INFO	Listening on port 56907
1568192736738	Marionette	WARN	TLS certificate errors will be ignored for this session
[Child 35252, Chrome_ChildThread] WARNING: pipe error: [1C0h9i: file z:/build/ld 36068, Chrome_ChildThread] WARNING: pipe error: 109: file zbuil:d/src/ipc/ch/build/romium/src/chrome/combmon/uild/src/ipc/chromium/src/chrome/common/ipc_channel_win.cc, line 346
ipc_c[Child 36068, hannel_win.cc, line 346
[Child 35252, Chrome_ChildThread] WARNING: pipe error: 109: file z:/build/build/src/ipc/chromium/src/chrome/common/ipc_channel_[Child 36172, Chrome_ChildThread] WARNING: pipe error: 109: file z:/build/build/src/ipc/chromium/src/chrome/common/ipc_channel_win.cc, line 346
[Child 36172, Chrome_ChildThread] WARNI*** UTM:SVC TimerManager:registerTimer called after profile-before-change notification. Ignoring timer registration for id: telemetry_modules_ping
[GPU 23832, Chrome_ChildThread] W
###!!! [Child][MessageChannel::SendAndWait] Error: Channel error: cannot send/recv

1568197705446	mozrunner::runner	INFO	Running command: "C:\\Program Files (x86)\\Mozilla Firefox\\firefox.exe" "-marionette" "-foreground" "-no-remote" "-profile" "C:\\Users\\User\\AppData\\Local\\Temp\\rust_mozprofilez2JRRn"
1568197706351	Marionette	INFO	Enabled via --marionette
1568197708129	Marionette	INFO	Listening on port 58216
1568197708161	Marionette	WARN	TLS certificate errors will be ignored for this session
[Child 3632, Chrome_ChildThread] WARNING: pipe error: 109: file z:/build/build/src/ipc/chromium[/src/chrome/common/ipc_channel_win.cc, line 346
Child 3[Child 3632, Ch5132, Chrome_ChildThread] WARNING: pipe error: 109: file z:/build/build/src/ipc/chromium/src/chrome/common/ipc_channel_win.cc, line 346
[Child 35132, Chrome_ChildThread] WARNING: pipe error[Child 18728, Chrome_Chi[GPU 27944, Chrome_ChildThread] WARNING: pipe error: 109: file z:/buil
###!!! [Child][MessageChannel::SendAndWait] Error: Channel error: cannot send/recv

1568197977530	mozrunner::runner	INFO	Running command: "C:\\Program Files (x86)\\Mozilla Firefox\\firefox.exe" "-marionette" "-foreground" "-no-remote" "-profile" "C:\\Users\\User\\AppData\\Local\\Temp\\rust_mozprofilen7iWyJ"
1568197978150	Marionette	INFO	Enabled via --marionette
1568197979640	Marionette	INFO	Listening on port 58305
1568197979681	Marionette	WARN	TLS certificate errors will be ignored for this session
[Parent 23588, Gecko_IOThread] WARNING: pipe error: 109: file z:/build/build/src/ipc/chromium/src/chrome/common/ipc_channel_win.cc, line 346
[Parent 23588, Gecko_IOThread] WARNING: pipe error: 109: file z:/build/build/src/ipc/chromium/src/chrome/common/ipc_channel_win.cc, line 346
[Child 23076, Chrome_ChildThread] WARNING: pipe error: 109: file z:/build/build/src/ipc/chromium/src/chrome/common/ipc_channel_win.cc, line 34[C6hild 2448, Chrome_ChildThrea
d[Child 2] WARNING: pipe error: 109: file z:/build/build/src/ipc/chromium/src/chrome/common/ipc_channel_win.cc, line 346
[Child 2448, Chrome_ChildThread] WARNING: pipe error: 109: file z:/build/build/src/ipc/chromium/src/chrome/common/ipc_channel_win.cc, line 346
[Parent 23588, Gecko_IOThread] WARNING: pipe error: 109: file z:/build/build/src/ipc/chromium/src/chrome/common/ipc_channel_win.cc, line 346
[Child 31904, Chrome_ChildThread] WARNING: pipe error: 109: file z:/build/build/src/ipc/chromium/src/chrome/common/ipc_channel_win.cc, line 346
[Child 31904, Chrome_ChildThread] WARNING: pipe e*** UTM:SVC TimerManager:registerTimer called after profile-before-change notification. Ignoring timer registration for id: telemetry_modules_ping
[GPU 16700, Chrome_ChildThread] WARNING: pipe error: 1
###!!! [Child][MessageChannel::SendAndWait] Error: Channel error: cannot send/recv

1593967772433	mozrunner::runner	INFO	Running command: "C:\\Program Files (x86)\\Mozilla Firefox\\firefox.exe" "-marionette" "-foreground" "-no-remote" "-profile" "C:\\Users\\User\\AppData\\Local\\Temp\\rust_mozprofileOmORlm"
1593967775921	Marionette	INFO	Enabled via --marionette
1593967778787	Marionette	INFO	Listening on port 50572
1593967778947	Marionette	WARN	TLS certificate errors will be ignored for this session
[Child 19592, Chrome_ChildThread] WARNING: pipe error: 109: file z:/build/build/src/ipc/chromium/src/chrome/common/ipc_channel_win.cc, line 346
[Child 19488, Chrome_ChildThread] WARNING: pipe error: 109: file z:/build/build/src/ipc/chromium/src/chrome/common/ipc_channel_win.cc, line 346
[Child 19488[GPU 144
###!!! [Child][MessageChannel::SendAndWait] Error: Channel error: cannot send/recv

1631939316650	geckodriver	INFO	Listening on 127.0.0.1:54489
1631939319733	mozrunner::runner	INFO	Running command: "C:\\Program Files (x86)\\Mozilla Firefox\\firefox.exe" "--marionette" "-no-remote" "-profile" "C:\\Users\\User\\AppData\\Local\\Temp\\rust_mozprofileOxeLqq"
1631939321373	addons.webextension.doh-rollout@mozilla.org	WARN	Loading extension 'doh-rollout@mozilla.org': Reading manifest: Invalid extension permission: networkStatus
1631939321499	addons.webextension.screenshots@mozilla.org	WARN	Loading extension 'screenshots@mozilla.org': Reading manifest: Invalid extension permission: mozillaAddons
1631939321499	addons.webextension.screenshots@mozilla.org	WARN	Loading extension 'screenshots@mozilla.org': Reading manifest: Invalid extension permission: telemetry
1631939321499	addons.webextension.screenshots@mozilla.org	WARN	Loading extension 'screenshots@mozilla.org': Reading manifest: Invalid extension permission: resource://pdf.js/
1631939321499	addons.webextension.screenshots@mozilla.org	WARN	Loading extension 'screenshots@mozilla.org': Reading manifest: Invalid extension permission: about:reader*
JavaScript error: resource://gre/modules/XULStore.jsm, line 66: Error: Can't find profile directory.
1631939323713	Marionette	INFO	Listening on port 54031
1631939323940	Marionette	WARN	TLS certificate errors will be ignored for this session
JavaScript error: , line 0: uncaught exception: Object
129
1631939700560	mozrunner::runner	INFO	Running command: "C:\\Program Files (x86)\\Mozilla Firefox\\firefox.exe" "--marionette" "-no-remote" "-profile" "C:\\Users\\User\\AppData\\Local\\Temp\\rust_mozprofileJCWfnc"
1631939701093	addons.webextension.doh-rollout@mozilla.org	WARN	Loading extension 'doh-rollout@mozilla.org': Reading manifest: Invalid extension permission: networkStatus
1631939701189	addons.webextension.screenshots@mozilla.org	WARN	Loading extension 'screenshots@mozilla.org': Reading manifest: Invalid extension permission: mozillaAddons
1631939701189	addons.webextension.screenshots@mozilla.org	WARN	Loading extension 'screenshots@mozilla.org': Reading manifest: Invalid extension permission: telemetry
1631939701189	addons.webextension.screenshots@mozilla.org	WARN	Loading extension 'screenshots@mozilla.org': Reading manifest: Invalid extension permission: resource://pdf.js/
1631939701189	addons.webextension.screenshots@mozilla.org	WARN	Loading extension 'screenshots@mozilla.org': Reading manifest: Invalid extension permission: about:reader*
JavaScript error: resource://gre/modules/XULStore.jsm, line 66: Error: Can't find profile directory.
1631939702943	Marionette	INFO	Listening on port 62167
1631939703223	Marionette	WARN	TLS certificate errors will be ignored for this session
1631943132962	Marionette	INFO	Stopped listening on port 62167

###!!! [Child][RunMessage] Error: Channel closing: too late to send/recv, messages will be lost


###!!! [Child][MessageChannel::SendAndWait] Error: Channel error: cannot send/recv

t_mozprofileK034bL"
1631942426916	addons.webextension.doh-rollout@mozilla.org	WARN	Loading extension 'doh-rollout@mozilla.org': Reading manifest: Invalid extension permission: networkStatus
1631942427032	addons.webextension.screenshots@mozilla.org	WARN	Loading extension 'screenshots@mozilla.org': Reading manifest: Invalid extension permission: mozillaAddons
1631942427032	addons.webextension.screenshots@mozilla.org	WARN	Loading extension 'screenshots@mozilla.org': Reading manifest: Invalid extension permission: telemetry
1631942427032	addons.webextension.screenshots@mozilla.org	WARN	Loading extension 'screenshots@mozilla.org': Reading manifest: Invalid extension permission: resource://pdf.js/
1631942427032	addons.webextension.screenshots@mozilla.org	WARN	Loading extension 'screenshots@mozilla.org': Reading manifest: Invalid extension permission: about:reader*
JavaScript error: resource://gre/modules/XULStore.jsm, line 66: Error: Can't find profile directory.
1631942428954	Marionette	INFO	Listening on port 55921
1631942429348	Marionette	WARN	TLS certificate errors will be ignored for this session
1631942539098	Marionette	INFO	Stopped listening on port 55921

###!!! [Child][RunMessage] Error: Channel closing: too late to send/recv, messages will be lost


###!!! [Child][MessageChannel::SendAndWait] Error: Channel error: cannot send/recv

1631942773143	geckodriver	INFO	Listening on 127.0.0.1:55991
1631942776203	mozrunner::runner	INFO	Running command: "C:\\Program Files (x86)\\Mozilla Firefox\\firefox.exe" "--marionette" "-no-remote" "-profile" "C:\\Users\\User\\AppData\\Local\\Temp\\rust_mozprofileeuwHmi"
1631942776627	addons.webextension.doh-rollout@mozilla.org	WARN	Loading extension 'doh-rollout@mozilla.org': Reading manifest: Invalid extension permission: networkStatus
1631942776723	addons.webextension.screenshots@mozilla.org	WARN	Loading extension 'screenshots@mozilla.org': Reading manifest: Invalid extension permission: mozillaAddons
1631942776723	addons.webextension.screenshots@mozilla.org	WARN	Loading extension 'screenshots@mozilla.org': Reading manifest: Invalid extension permission: telemetry
1631942776723	addons.webextension.screenshots@mozilla.org	WARN	Loading extension 'screenshots@mozilla.org': Reading manifest: Invalid extension permission: resource://pdf.js/
1631942776723	addons.webextension.screenshots@mozilla.org	WARN	Loading extension 'screenshots@mozilla.org': Reading manifest: Invalid extension permission: about:reader*
JavaScript error: resource://gre/modules/XULStore.jsm, line 66: Error: Can't find profile directory.
1631942778583	Marionette	INFO	Listening on port 60112
1631942778863	Marionette	WARN	TLS certificate errors will be ignored for this session
1631943136472	Marionette	INFO	Stopped listening on port 60112

###!!! [Child][RunMessage] Error: Channel closing: too late to send/recv, messages will be lost


###!!! [Child][MessageChannel::SendAndWait] Error: Channel error: cannot send/recv

t_mozprofileTgat3m"
1631943027389	addons.webextension.doh-rollout@mozilla.org	WARN	Loading extension 'doh-rollout@mozilla.org': Reading manifest: Invalid extension permission: networkStatus
1631943027494	addons.webextension.screenshots@mozilla.org	WARN	Loading extension 'screenshots@mozilla.org': Reading manifest: Invalid extension permission: mozillaAddons
1631943027494	addons.webextension.screenshots@mozilla.org	WARN	Loading extension 'screenshots@mozilla.org': Reading manifest: Invalid extension permission: telemetry
1631943027494	addons.webextension.screenshots@mozilla.org	WARN	Loading extension 'screenshots@mozilla.org': Reading manifest: Invalid extension permission: resource://pdf.js/
1631943027495	addons.webextension.screenshots@mozilla.org	WARN	Loading extension 'screenshots@mozilla.org': Reading manifest: Invalid extension permission: about:reader*
JavaScript error: resource://gre/modules/XULStore.jsm, line 66: Error: Can't find profile directory.
1631943029396	Marionette	INFO	Listening on port 54516
1631943029614	Marionette	WARN	TLS certificate errors will be ignored for this session
1631943127771	Marionette	INFO	Stopped listening on port 54516

###!!! [Child][RunMessage] Error: Channel closing: too late to send/recv, messages will be lost


###!!! [Child][MessageChannel::SendAndWait] Error: Channel error: cannot send/recv

1631943187839	geckodriver	INFO	Listening on 127.0.0.1:58779
1631943190898	mozrunner::runner	INFO	Running command: "C:\\Program Files (x86)\\Mozilla Firefox\\firefox.exe" "--marionette" "-no-remote" "-profile" "C:\\Users\\User\\AppData\\Local\\Temp\\rust_mozprofile0X4jQP"
1631943191549	addons.webextension.doh-rollout@mozilla.org	WARN	Loading extension 'doh-rollout@mozilla.org': Reading manifest: Invalid extension permission: networkStatus
1631943191657	addons.webextension.screenshots@mozilla.org	WARN	Loading extension 'screenshots@mozilla.org': Reading manifest: Invalid extension permission: mozillaAddons
1631943191657	addons.webextension.screenshots@mozilla.org	WARN	Loading extension 'screenshots@mozilla.org': Reading manifest: Invalid extension permission: telemetry
1631943191657	addons.webextension.screenshots@mozilla.org	WARN	Loading extension 'screenshots@mozilla.org': Reading manifest: Invalid extension permission: resource://pdf.js/
1631943191657	addons.webextension.screenshots@mozilla.org	WARN	Loading extension 'screenshots@mozilla.org': Reading manifest: Invalid extension permission: about:reader*
JavaScript error: resource://gre/modules/XULStore.jsm, line 66: Error: Can't find profile directory.
1631943193480	Marionette	INFO	Listening on port 58787
1631943193555	Marionette	WARN	TLS certificate errors will be ignored for this session
JavaScript error: https://www.siliconstone.org/, line 864: ReferenceError: google is not defined
1631943216547	Marionette	INFO	Stopped listening on port 58787

###!!! [Child][RunMessage] Error: Channel closing: too late to send/recv, messages will be lost


###!!! [Child][MessageChannel::SendAndWait] Error: Channel error: cannot send/recv

1631943442935	geckodriver	INFO	Listening on 127.0.0.1:59981
1631943445997	mozrunner::runner	INFO	Running command: "C:\\Program Files (x86)\\Mozilla Firefox\\firefox.exe" "--marionette" "-no-remote" "-profile" "C:\\Users\\User\\AppData\\Local\\Temp\\rust_mozprofilepUe57Q"
1631943446411	addons.webextension.doh-rollout@mozilla.org	WARN	Loading extension 'doh-rollout@mozilla.org': Reading manifest: Invalid extension permission: networkStatus
1631943446509	addons.webextension.screenshots@mozilla.org	WARN	Loading extension 'screenshots@mozilla.org': Reading manifest: Invalid extension permission: mozillaAddons
1631943446510	addons.webextension.screenshots@mozilla.org	WARN	Loading extension 'screenshots@mozilla.org': Reading manifest: Invalid extension permission: telemetry
1631943446510	addons.webextension.screenshots@mozilla.org	WARN	Loading extension 'screenshots@mozilla.org': Reading manifest: Invalid extension permission: resource://pdf.js/
1631943446510	addons.webextension.screenshots@mozilla.org	WARN	Loading extension 'screenshots@mozilla.org': Reading manifest: Invalid extension permission: about:reader*
JavaScript error: resource://gre/modules/XULStore.jsm, line 66: Error: Can't find profile directory.
1631943448269	Marionette	INFO	Listening on port 59989
1631943448668	Marionette	WARN	TLS certificate errors will be ignored for this session
1631944244636	Marionette	INFO	Stopped listening on port 59989

###!!! [Child][MessageChannel::SendAndWait] Error: Channel error: cannot send/recv

efox\\firefox.exe" "--marionette" "-no-remote" "-profile" "C:\\Users\\User\\AppData\\Local\\Temp\\rust_mozprofilerQ63sx"
1631943620428	addons.webextension.doh-rollout@mozilla.org	WARN	Loading extension 'doh-rollout@mozilla.org': Reading manifest: Invalid extension permission: networkStatus
1631943620526	addons.webextension.screenshots@mozilla.org	WARN	Loading extension 'screenshots@mozilla.org': Reading manifest: Invalid extension permission: mozillaAddons
1631943620526	addons.webextension.screenshots@mozilla.org	WARN	Loading extension 'screenshots@mozilla.org': Reading manifest: Invalid extension permission: telemetry
1631943620526	addons.webextension.screenshots@mozilla.org	WARN	Loading extension 'screenshots@mozilla.org': Reading manifest: Invalid extension permission: resource://pdf.js/
1631943620526	addons.webextension.screenshots@mozilla.org	WARN	Loading extension 'screenshots@mozilla.org': Reading manifest: Invalid extension permission: about:reader*
JavaScript error: resource://gre/modules/XULStore.jsm, line 66: Error: Can't find profile directory.
1631943622447	Marionette	INFO	Listening on port 56984
1631943622684	Marionette	WARN	TLS certificate errors will be ignored for this session
1631944245809	Marionette	INFO	Stopped listening on port 56984

###!!! [Child][RunMessage] Error: Channel closing: too late to send/recv, messages will be lost


###!!! [Child][MessageChannel::SendAndWait] Error: Channel error: cannot send/recv

t_mozprofileMiBcnL"
1631943766727	addons.webextension.doh-rollout@mozilla.org	WARN	Loading extension 'doh-rollout@mozilla.org': Reading manifest: Invalid extension permission: networkStatus
1631943766826	addons.webextension.screenshots@mozilla.org	WARN	Loading extension 'screenshots@mozilla.org': Reading manifest: Invalid extension permission: mozillaAddons
1631943766826	addons.webextension.screenshots@mozilla.org	WARN	Loading extension 'screenshots@mozilla.org': Reading manifest: Invalid extension permission: telemetry
1631943766826	addons.webextension.screenshots@mozilla.org	WARN	Loading extension 'screenshots@mozilla.org': Reading manifest: Invalid extension permission: resource://pdf.js/
1631943766826	addons.webextension.screenshots@mozilla.org	WARN	Loading extension 'screenshots@mozilla.org': Reading manifest: Invalid extension permission: about:reader*
JavaScript error: resource://gre/modules/XULStore.jsm, line 66: Error: Can't find profile directory.
1631943768696	Marionette	INFO	Listening on port 57026
1631943768968	Marionette	WARN	TLS certificate errors will be ignored for this session
1631944247189	Marionette	INFO	Stopped listening on port 57026

###!!! [Child][RunMessage] Error: Channel closing: too late to send/recv, messages will be lost


###!!! [Child][MessageChannel::SendAndWait] Error: Channel error: cannot send/recv

1631955617287	geckodriver	INFO	Listening on 127.0.0.1:54648
1631955620348	mozrunner::runner	INFO	Running command: "C:\\Program Files (x86)\\Mozilla Firefox\\firefox.exe" "--marionette" "-no-remote" "-profile" "C:\\Users\\User\\AppData\\Local\\Temp\\rust_mozprofileGkFmss"
1631955621351	addons.webextension.doh-rollout@mozilla.org	WARN	Loading extension 'doh-rollout@mozilla.org': Reading manifest: Invalid extension permission: networkStatus
1631955621507	addons.webextension.screenshots@mozilla.org	WARN	Loading extension 'screenshots@mozilla.org': Reading manifest: Invalid extension permission: mozillaAddons
1631955621507	addons.webextension.screenshots@mozilla.org	WARN	Loading extension 'screenshots@mozilla.org': Reading manifest: Invalid extension permission: telemetry
1631955621508	addons.webextension.screenshots@mozilla.org	WARN	Loading extension 'screenshots@mozilla.org': Reading manifest: Invalid extension permission: resource://pdf.js/
1631955621508	addons.webextension.screenshots@mozilla.org	WARN	Loading extension 'screenshots@mozilla.org': Reading manifest: Invalid extension permission: about:reader*
JavaScript error: resource://gre/modules/XULStore.jsm, line 66: Error: Can't find profile directory.
1631955623588	Marionette	INFO	Listening on port 51846
1631955624036	Marionette	WARN	TLS certificate errors will be ignored for this session
JavaScript error: https://www.facebook.com/plugins/page.php?href=https%3A%2F%2Fwww.facebook.com%2FITprofessionBOOK.DeepMind&tabs=timeline&width=340&height=150&small_header=true&adapt_container_width=true&hide_cover=false&show_facepile=true&appId=1735576049995500, line 1: SyntaxError: unexpected token: ':'
JavaScript error: https://www.facebook.com/plugins/page.php?href=https%3A%2F%2Fwww.facebook.com%2FITprofessionBOOK.DeepMind&tabs=timeline&width=340&height=150&small_header=true&adapt_container_width=true&hide_cover=false&show_facepile=true&appId=1735576049995500, line 1: SyntaxError: unexpected token: ':'
JavaScript error: https://www.facebook.com/plugins/page.php?href=https%3A%2F%2Fwww.facebook.com%2FITprofessionBOOK.DeepMind&tabs=timeline&width=340&height=150&small_header=true&adapt_container_width=true&hide_cover=false&show_facepile=true&appId=1735576049995500, line 1: SyntaxError: unexpected token: ':'
JavaScript error: https://www.facebook.com/plugins/page.php?href=https%3A%2F%2Fwww.facebook.com%2FITprofessionBOOK.DeepMind&tabs=timeline&width=340&height=150&small_header=true&adapt_container_width=true&hide_cover=false&show_facepile=true&appId=1735576049995500, line 1: SyntaxError: unexpected token: ':'
JavaScript error: https://www.facebook.com/plugins/page.php?href=https%3A%2F%2Fwww.facebook.com%2FITprofessionBOOK.DeepMind&tabs=timeline&width=340&height=150&small_header=true&adapt_container_width=true&hide_cover=false&show_facepile=true&appId=1735576049995500, line 1: SyntaxError: unexpected token: ':'
JavaScript error: https://www.facebook.com/plugins/page.php?href=https%3A%2F%2Fwww.facebook.com%2FITprofessionBOOK.DeepMind&tabs=timeline&width=340&height=150&small_header=true&adapt_container_width=true&hide_cover=false&show_facepile=true&appId=1735576049995500, line 1: SyntaxError: unexpected token: ':'
JavaScript error: https://www.facebook.com/plugins/page.php?href=https%3A%2F%2Fwww.facebook.com%2FITprofessionBOOK.DeepMind&tabs=timeline&width=340&height=150&small_header=true&adapt_container_width=true&hide_cover=false&show_facepile=true&appId=1735576049995500, line 1: SyntaxError: unexpected token: ':'
1631955682717	Marionette	INFO	Stopped listening on port 51846

###!!! [Child][RunMessage] Error: Channel closing: too late to send/recv, messages will be lost


###!!! [Child][MessageChannel::SendAndWait] Error: Channel error: cannot send/recv

1631955976560	geckodriver	INFO	Listening on 127.0.0.1:54072
1631955979663	mozrunner::runner	INFO	Running command: "C:\\Program Files (x86)\\Mozilla Firefox\\firefox.exe" "--marionette" "-no-remote" "-profile" "C:\\Users\\User\\AppData\\Local\\Temp\\rust_mozprofileu4w46i"
1631955980231	addons.webextension.doh-rollout@mozilla.org	WARN	Loading extension 'doh-rollout@mozilla.org': Reading manifest: Invalid extension permission: networkStatus
1631955980356	addons.webextension.screenshots@mozilla.org	WARN	Loading extension 'screenshots@mozilla.org': Reading manifest: Invalid extension permission: mozillaAddons
1631955980356	addons.webextension.screenshots@mozilla.org	WARN	Loading extension 'screenshots@mozilla.org': Reading manifest: Invalid extension permission: telemetry
1631955980356	addons.webextension.screenshots@mozilla.org	WARN	Loading extension 'screenshots@mozilla.org': Reading manifest: Invalid extension permission: resource://pdf.js/
1631955980356	addons.webextension.screenshots@mozilla.org	WARN	Loading extension 'screenshots@mozilla.org': Reading manifest: Invalid extension permission: about:reader*
JavaScript error: resource://gre/modules/XULStore.jsm, line 66: Error: Can't find profile directory.
1631955982384	Marionette	INFO	Listening on port 53660
1631955982859	Marionette	WARN	TLS certificate errors will be ignored for this session
1631956027585	Marionette	INFO	Stopped listening on port 53660

###!!! [Child][RunMessage] Error: Channel closing: too late to send/recv, messages will be lost


###!!! [Child][MessageChannel::SendAndWait] Error: Channel error: cannot send/recv

1631956637951	geckodriver	INFO	Listening on 127.0.0.1:62100
1631956641055	mozrunner::runner	INFO	Running command: "C:\\Program Files (x86)\\Mozilla Firefox\\firefox.exe" "--marionette" "-no-remote" "-profile" "C:\\Users\\User\\AppData\\Local\\Temp\\rust_mozprofilej0Xjq8"
1631956641648	addons.webextension.doh-rollout@mozilla.org	WARN	Loading extension 'doh-rollout@mozilla.org': Reading manifest: Invalid extension permission: networkStatus
1631956641775	addons.webextension.screenshots@mozilla.org	WARN	Loading extension 'screenshots@mozilla.org': Reading manifest: Invalid extension permission: mozillaAddons
1631956641775	addons.webextension.screenshots@mozilla.org	WARN	Loading extension 'screenshots@mozilla.org': Reading manifest: Invalid extension permission: telemetry
1631956641775	addons.webextension.screenshots@mozilla.org	WARN	Loading extension 'screenshots@mozilla.org': Reading manifest: Invalid extension permission: resource://pdf.js/
1631956641776	addons.webextension.screenshots@mozilla.org	WARN	Loading extension 'screenshots@mozilla.org': Reading manifest: Invalid extension permission: about:reader*
JavaScript error: resource://gre/modules/XULStore.jsm, line 66: Error: Can't find profile directory.
1631956643771	Marionette	INFO	Listening on port 58816
1631956644266	Marionette	WARN	TLS certificate errors will be ignored for this session
JavaScript error: resource:///modules/BrowserUsageTelemetry.jsm, line 303: TypeError: this._timeouts.remove is not a function
JavaScript error: , line 0: uncaught exception: Object
" "-no-remote" "-profile" "C:\\Users\\User\\AppData\\Local\\Temp\\rust_mozprofileyR53Gv"
1631956857907	addons.webextension.doh-rollout@mozilla.org	WARN	Loading extension 'doh-rollout@mozilla.org': Reading manifest: Invalid extension permission: networkStatus
1631956858034	addons.webextension.screenshots@mozilla.org	WARN	Loading extension 'screenshots@mozilla.org': Reading manifest: Invalid extension permission: mozillaAddons
1631956858034	addons.webextension.screenshots@mozilla.org	WARN	Loading extension 'screenshots@mozilla.org': Reading manifest: Invalid extension permission: telemetry
1631956858034	addons.webextension.screenshots@mozilla.org	WARN	Loading extension 'screenshots@mozilla.org': Reading manifest: Invalid extension permission: resource://pdf.js/
1631956858034	addons.webextension.screenshots@mozilla.org	WARN	Loading extension 'screenshots@mozilla.org': Reading manifest: Invalid extension permission: about:reader*
JavaScript error: resource://gre/modules/XULStore.jsm, line 66: Error: Can't find profile directory.
1631956860082	Marionette	INFO	Listening on port 61259
1631956860608	Marionette	WARN	TLS certificate errors will be ignored for this session
1631956895180	Marionette	INFO	Stopped listening on port 61259

###!!! [Child][RunMessage] Error: Channel closing: too late to send/recv, messages will be lost


###!!! [Child][MessageChannel::SendAndWait] Error: Channel error: cannot send/recv

1631956909762	geckodriver	INFO	Listening on 127.0.0.1:55044
1631956912837	mozrunner::runner	INFO	Running command: "C:\\Program Files (x86)\\Mozilla Firefox\\firefox.exe" "--marionette" "-no-remote" "-profile" "C:\\Users\\User\\AppData\\Local\\Temp\\rust_mozprofileHcGFiD"
1631956913415	addons.webextension.doh-rollout@mozilla.org	WARN	Loading extension 'doh-rollout@mozilla.org': Reading manifest: Invalid extension permission: networkStatus
1631956913525	addons.webextension.screenshots@mozilla.org	WARN	Loading extension 'screenshots@mozilla.org': Reading manifest: Invalid extension permission: mozillaAddons
1631956913525	addons.webextension.screenshots@mozilla.org	WARN	Loading extension 'screenshots@mozilla.org': Reading manifest: Invalid extension permission: telemetry
1631956913525	addons.webextension.screenshots@mozilla.org	WARN	Loading extension 'screenshots@mozilla.org': Reading manifest: Invalid extension permission: resource://pdf.js/
1631956913526	addons.webextension.screenshots@mozilla.org	WARN	Loading extension 'screenshots@mozilla.org': Reading manifest: Invalid extension permission: about:reader*
JavaScript error: resource://gre/modules/XULStore.jsm, line 66: Error: Can't find profile directory.
1631956915590	Marionette	INFO	Listening on port 63380
1631956916018	Marionette	WARN	TLS certificate errors will be ignored for this session
1631956961278	Marionette	INFO	Stopped listening on port 63380

###!!! [Child][RunMessage] Error: Channel closing: too late to send/recv, messages will be lost


###!!! [Child][MessageChannel::SendAndWait] Error: Channel error: cannot send/recv

1631957138125	geckodriver	INFO	Listening on 127.0.0.1:57253
1631957141245	mozrunner::runner	INFO	Running command: "C:\\Program Files (x86)\\Mozilla Firefox\\firefox.exe" "--marionette" "-no-remote" "-profile" "C:\\Users\\User\\AppData\\Local\\Temp\\rust_mozprofile24O73Q"
1631957141744	addons.webextension.doh-rollout@mozilla.org	WARN	Loading extension 'doh-rollout@mozilla.org': Reading manifest: Invalid extension permission: networkStatus
1631957141855	addons.webextension.screenshots@mozilla.org	WARN	Loading extension 'screenshots@mozilla.org': Reading manifest: Invalid extension permission: mozillaAddons
1631957141855	addons.webextension.screenshots@mozilla.org	WARN	Loading extension 'screenshots@mozilla.org': Reading manifest: Invalid extension permission: telemetry
1631957141855	addons.webextension.screenshots@mozilla.org	WARN	Loading extension 'screenshots@mozilla.org': Reading manifest: Invalid extension permission: resource://pdf.js/
1631957141855	addons.webextension.screenshots@mozilla.org	WARN	Loading extension 'screenshots@mozilla.org': Reading manifest: Invalid extension permission: about:reader*
JavaScript error: resource://gre/modules/XULStore.jsm, line 66: Error: Can't find profile directory.
1631957143820	Marionette	INFO	Listening on port 65031
1631957143950	Marionette	WARN	TLS certificate errors will be ignored for this session
1631957163581	Marionette	INFO	Stopped listening on port 65031

###!!! [Child][RunMessage] Error: Channel closing: too late to send/recv, messages will be lost


###!!! [Child][MessageChannel::SendAndWait] Error: Channel error: cannot send/recv

1631957263215	geckodriver	INFO	Listening on 127.0.0.1:52948
1631957266274	mozrunner::runner	INFO	Running command: "C:\\Program Files (x86)\\Mozilla Firefox\\firefox.exe" "--marionette" "-no-remote" "-profile" "C:\\Users\\User\\AppData\\Local\\Temp\\rust_mozprofileRssxTo"
1631957266765	addons.webextension.doh-rollout@mozilla.org	WARN	Loading extension 'doh-rollout@mozilla.org': Reading manifest: Invalid extension permission: networkStatus
1631957266900	addons.webextension.screenshots@mozilla.org	WARN	Loading extension 'screenshots@mozilla.org': Reading manifest: Invalid extension permission: mozillaAddons
1631957266900	addons.webextension.screenshots@mozilla.org	WARN	Loading extension 'screenshots@mozilla.org': Reading manifest: Invalid extension permission: telemetry
1631957266900	addons.webextension.screenshots@mozilla.org	WARN	Loading extension 'screenshots@mozilla.org': Reading manifest: Invalid extension permission: resource://pdf.js/
1631957266901	addons.webextension.screenshots@mozilla.org	WARN	Loading extension 'screenshots@mozilla.org': Reading manifest: Invalid extension permission: about:reader*
JavaScript error: resource://gre/modules/XULStore.jsm, line 66: Error: Can't find profile directory.
1631957268837	Marionette	INFO	Listening on port 63869
1631957268965	Marionette	WARN	TLS certificate errors will be ignored for this session
1631957298836	Marionette	INFO	Stopped listening on port 63869

###!!! [Child][RunMessage] Error: Channel closing: too late to send/recv, messages will be lost


###!!! [Child][MessageChannel::SendAndWait] Error: Channel error: cannot send/recv

1631957344630	geckodriver	INFO	Listening on 127.0.0.1:51117
1631957347725	mozrunner::runner	INFO	Running command: "C:\\Program Files (x86)\\Mozilla Firefox\\firefox.exe" "--marionette" "-no-remote" "-profile" "C:\\Users\\User\\AppData\\Local\\Temp\\rust_mozprofilexTDVJL"
1631957348261	addons.webextension.doh-rollout@mozilla.org	WARN	Loading extension 'doh-rollout@mozilla.org': Reading manifest: Invalid extension permission: networkStatus
1631957348379	addons.webextension.screenshots@mozilla.org	WARN	Loading extension 'screenshots@mozilla.org': Reading manifest: Invalid extension permission: mozillaAddons
1631957348379	addons.webextension.screenshots@mozilla.org	WARN	Loading extension 'screenshots@mozilla.org': Reading manifest: Invalid extension permission: telemetry
1631957348379	addons.webextension.screenshots@mozilla.org	WARN	Loading extension 'screenshots@mozilla.org': Reading manifest: Invalid extension permission: resource://pdf.js/
1631957348379	addons.webextension.screenshots@mozilla.org	WARN	Loading extension 'screenshots@mozilla.org': Reading manifest: Invalid extension permission: about:reader*
JavaScript error: resource://gre/modules/XULStore.jsm, line 66: Error: Can't find profile directory.
1631957350306	Marionette	INFO	Listening on port 65519
1631957350420	Marionette	WARN	TLS certificate errors will be ignored for this session
1631957488704	Marionette	INFO	Stopped listening on port 65519

###!!! [Child][MessageChannel::SendAndWait] Error: Channel error: cannot send/recv

efox\\firefox.exe" "--marionette" "-no-remote" "-profile" "C:\\Users\\User\\AppData\\Local\\Temp\\rust_mozprofilevnzKIQ"
1631957435508	addons.webextension.doh-rollout@mozilla.org	WARN	Loading extension 'doh-rollout@mozilla.org': Reading manifest: Invalid extension permission: networkStatus
1631957435632	addons.webextension.screenshots@mozilla.org	WARN	Loading extension 'screenshots@mozilla.org': Reading manifest: Invalid extension permission: mozillaAddons
1631957435633	addons.webextension.screenshots@mozilla.org	WARN	Loading extension 'screenshots@mozilla.org': Reading manifest: Invalid extension permission: telemetry
1631957435633	addons.webextension.screenshots@mozilla.org	WARN	Loading extension 'screenshots@mozilla.org': Reading manifest: Invalid extension permission: resource://pdf.js/
1631957435633	addons.webextension.screenshots@mozilla.org	WARN	Loading extension 'screenshots@mozilla.org': Reading manifest: Invalid extension permission: about:reader*
JavaScript error: resource://gre/modules/XULStore.jsm, line 66: Error: Can't find profile directory.
1631957437653	Marionette	INFO	Listening on port 56248
1631957438152	Marionette	WARN	TLS certificate errors will be ignored for this session
1631957485432	Marionette	INFO	Stopped listening on port 56248

###!!! [Child][RunMessage] Error: Channel closing: too late to send/recv, messages will be lost


###!!! [Child][MessageChannel::SendAndWait] Error: Channel error: cannot send/recv

1631957578977	geckodriver	INFO	Listening on 127.0.0.1:55810
1631957582065	mozrunner::runner	INFO	Running command: "C:\\Program Files (x86)\\Mozilla Firefox\\firefox.exe" "--marionette" "-no-remote" "-profile" "C:\\Users\\User\\AppData\\Local\\Temp\\rust_mozprofileO312tg"
1631957582613	addons.webextension.doh-rollout@mozilla.org	WARN	Loading extension 'doh-rollout@mozilla.org': Reading manifest: Invalid extension permission: networkStatus
1631957582737	addons.webextension.screenshots@mozilla.org	WARN	Loading extension 'screenshots@mozilla.org': Reading manifest: Invalid extension permission: mozillaAddons
1631957582737	addons.webextension.screenshots@mozilla.org	WARN	Loading extension 'screenshots@mozilla.org': Reading manifest: Invalid extension permission: telemetry
1631957582737	addons.webextension.screenshots@mozilla.org	WARN	Loading extension 'screenshots@mozilla.org': Reading manifest: Invalid extension permission: resource://pdf.js/
1631957582737	addons.webextension.screenshots@mozilla.org	WARN	Loading extension 'screenshots@mozilla.org': Reading manifest: Invalid extension permission: about:reader*
JavaScript error: resource://gre/modules/XULStore.jsm, line 66: Error: Can't find profile directory.
1631957584710	Marionette	INFO	Listening on port 61690
1631957584743	Marionette	WARN	TLS certificate errors will be ignored for this session
1631957601359	Marionette	INFO	Stopped listening on port 61690

###!!! [Child][RunMessage] Error: Channel closing: too late to send/recv, messages will be lost


###!!! [Child][MessageChannel::SendAndWait] Error: Channel error: cannot send/recv

1631957773815	geckodriver	INFO	Listening on 127.0.0.1:60172
1631957776931	mozrunner::runner	INFO	Running command: "C:\\Program Files (x86)\\Mozilla Firefox\\firefox.exe" "--marionette" "-no-remote" "-profile" "C:\\Users\\User\\AppData\\Local\\Temp\\rust_mozprofileHHtSJF"
1631957777474	addons.webextension.doh-rollout@mozilla.org	WARN	Loading extension 'doh-rollout@mozilla.org': Reading manifest: Invalid extension permission: networkStatus
1631957777586	addons.webextension.screenshots@mozilla.org	WARN	Loading extension 'screenshots@mozilla.org': Reading manifest: Invalid extension permission: mozillaAddons
1631957777587	addons.webextension.screenshots@mozilla.org	WARN	Loading extension 'screenshots@mozilla.org': Reading manifest: Invalid extension permission: telemetry
1631957777587	addons.webextension.screenshots@mozilla.org	WARN	Loading extension 'screenshots@mozilla.org': Reading manifest: Invalid extension permission: resource://pdf.js/
1631957777587	addons.webextension.screenshots@mozilla.org	WARN	Loading extension 'screenshots@mozilla.org': Reading manifest: Invalid extension permission: about:reader*
JavaScript error: resource://gre/modules/XULStore.jsm, line 66: Error: Can't find profile directory.
1631957779843	Marionette	INFO	Listening on port 59285
1631957780120	Marionette	WARN	TLS certificate errors will be ignored for this session
1631957830013	Marionette	INFO	Stopped listening on port 59285

###!!! [Child][RunMessage] Error: Channel closing: too late to send/recv, messages will be lost


###!!! [Child][MessageChannel::SendAndWait] Error: Channel error: cannot send/recv

1631958264161	geckodriver	INFO	Listening on 127.0.0.1:64067
1631958267221	mozrunner::runner	INFO	Running command: "C:\\Program Files (x86)\\Mozilla Firefox\\firefox.exe" "--marionette" "-no-remote" "-profile" "C:\\Users\\User\\AppData\\Local\\Temp\\rust_mozprofileo8lqCC"
1631958267738	addons.webextension.doh-rollout@mozilla.org	WARN	Loading extension 'doh-rollout@mozilla.org': Reading manifest: Invalid extension permission: networkStatus
1631958267854	addons.webextension.screenshots@mozilla.org	WARN	Loading extension 'screenshots@mozilla.org': Reading manifest: Invalid extension permission: mozillaAddons
1631958267854	addons.webextension.screenshots@mozilla.org	WARN	Loading extension 'screenshots@mozilla.org': Reading manifest: Invalid extension permission: telemetry
1631958267854	addons.webextension.screenshots@mozilla.org	WARN	Loading extension 'screenshots@mozilla.org': Reading manifest: Invalid extension permission: resource://pdf.js/
1631958267854	addons.webextension.screenshots@mozilla.org	WARN	Loading extension 'screenshots@mozilla.org': Reading manifest: Invalid extension permission: about:reader*
JavaScript error: resource://gre/modules/XULStore.jsm, line 66: Error: Can't find profile directory.
1631958269852	Marionette	INFO	Listening on port 62687
1631958269902	Marionette	WARN	TLS certificate errors will be ignored for this session
JavaScript error: resource:///modules/BrowserUsageTelemetry.jsm, line 303: TypeError: this._timeouts.remove is not a function
JavaScript error: resource:///modules/BrowserUsageTelemetry.jsm, line 303: TypeError: this._timeouts.remove is not a function
JavaScript error: , line 0: uncaught exception: Object
rollout@mozilla.org	WARN	Loading extension 'doh-rollout@mozilla.org': Reading manifest: Invalid extension permission: networkStatus
1631958317065	addons.webextension.screenshots@mozilla.org	WARN	Loading extension 'screenshots@mozilla.org': Reading manifest: Invalid extension permission: mozillaAddons
1631958317066	addons.webextension.screenshots@mozilla.org	WARN	Loading extension 'screenshots@mozilla.org': Reading manifest: Invalid extension permission: telemetry
1631958317066	addons.webextension.screenshots@mozilla.org	WARN	Loading extension 'screenshots@mozilla.org': Reading manifest: Invalid extension permission: resource://pdf.js/
1631958317066	addons.webextension.screenshots@mozilla.org	WARN	Loading extension 'screenshots@mozilla.org': Reading manifest: Invalid extension permission: about:reader*
JavaScript error: resource://gre/modules/XULStore.jsm, line 66: Error: Can't find profile directory.
1631958319001	Marionette	INFO	Listening on port 51522
1631958319069	Marionette	WARN	TLS certificate errors will be ignored for this session
1631958478809	Marionette	INFO	Stopped listening on port 51522

###!!! [Child][RunMessage] Error: Channel closing: too late to send/recv, messages will be lost


###!!! [Child][MessageChannel::SendAndWait] Error: Channel error: cannot send/recv

1631958781286	geckodriver	INFO	Listening on 127.0.0.1:51262
1631958784352	mozrunner::runner	INFO	Running command: "C:\\Program Files (x86)\\Mozilla Firefox\\firefox.exe" "--marionette" "-no-remote" "-profile" "C:\\Users\\User\\AppData\\Local\\Temp\\rust_mozprofileNwtDXT"
1631958784929	addons.webextension.doh-rollout@mozilla.org	WARN	Loading extension 'doh-rollout@mozilla.org': Reading manifest: Invalid extension permission: networkStatus
1631958785048	addons.webextension.screenshots@mozilla.org	WARN	Loading extension 'screenshots@mozilla.org': Reading manifest: Invalid extension permission: mozillaAddons
1631958785048	addons.webextension.screenshots@mozilla.org	WARN	Loading extension 'screenshots@mozilla.org': Reading manifest: Invalid extension permission: telemetry
1631958785048	addons.webextension.screenshots@mozilla.org	WARN	Loading extension 'screenshots@mozilla.org': Reading manifest: Invalid extension permission: resource://pdf.js/
1631958785048	addons.webextension.screenshots@mozilla.org	WARN	Loading extension 'screenshots@mozilla.org': Reading manifest: Invalid extension permission: about:reader*
JavaScript error: resource://gre/modules/XULStore.jsm, line 66: Error: Can't find profile directory.
1631958787124	Marionette	INFO	Listening on port 59014
1631958787547	Marionette	WARN	TLS certificate errors will be ignored for this session
1631959012141	Marionette	INFO	Stopped listening on port 59014

###!!! [Child][RunMessage] Error: Channel closing: too late to send/recv, messages will be lost


###!!! [Child][MessageChannel::SendAndWait] Error: Channel error: cannot send/recv

1631959196670	geckodriver	INFO	Listening on 127.0.0.1:64481
1631959199760	mozrunner::runner	INFO	Running command: "C:\\Program Files (x86)\\Mozilla Firefox\\firefox.exe" "--marionette" "-no-remote" "-profile" "C:\\Users\\User\\AppData\\Local\\Temp\\rust_mozprofileJ9Du9I"
1631959200255	addons.webextension.doh-rollout@mozilla.org	WARN	Loading extension 'doh-rollout@mozilla.org': Reading manifest: Invalid extension permission: networkStatus
1631959200374	addons.webextension.screenshots@mozilla.org	WARN	Loading extension 'screenshots@mozilla.org': Reading manifest: Invalid extension permission: mozillaAddons
1631959200374	addons.webextension.screenshots@mozilla.org	WARN	Loading extension 'screenshots@mozilla.org': Reading manifest: Invalid extension permission: telemetry
1631959200374	addons.webextension.screenshots@mozilla.org	WARN	Loading extension 'screenshots@mozilla.org': Reading manifest: Invalid extension permission: resource://pdf.js/
1631959200374	addons.webextension.screenshots@mozilla.org	WARN	Loading extension 'screenshots@mozilla.org': Reading manifest: Invalid extension permission: about:reader*
JavaScript error: resource://gre/modules/XULStore.jsm, line 66: Error: Can't find profile directory.
1631959202520	Marionette	INFO	Listening on port 58175
1631959202980	Marionette	WARN	TLS certificate errors will be ignored for this session
1631959222058	Marionette	INFO	Stopped listening on port 58175

###!!! [Child][RunMessage] Error: Channel closing: too late to send/recv, messages will be lost


###!!! [Child][MessageChannel::SendAndWait] Error: Channel error: cannot send/recv

1631959349847	geckodriver	INFO	Listening on 127.0.0.1:60376
1631959352919	mozrunner::runner	INFO	Running command: "C:\\Program Files (x86)\\Mozilla Firefox\\firefox.exe" "--marionette" "-no-remote" "-profile" "C:\\Users\\User\\AppData\\Local\\Temp\\rust_mozprofileqGHsBr"
1631959353503	addons.webextension.doh-rollout@mozilla.org	WARN	Loading extension 'doh-rollout@mozilla.org': Reading manifest: Invalid extension permission: networkStatus
1631959353634	addons.webextension.screenshots@mozilla.org	WARN	Loading extension 'screenshots@mozilla.org': Reading manifest: Invalid extension permission: mozillaAddons
1631959353634	addons.webextension.screenshots@mozilla.org	WARN	Loading extension 'screenshots@mozilla.org': Reading manifest: Invalid extension permission: telemetry
1631959353634	addons.webextension.screenshots@mozilla.org	WARN	Loading extension 'screenshots@mozilla.org': Reading manifest: Invalid extension permission: resource://pdf.js/
1631959353634	addons.webextension.screenshots@mozilla.org	WARN	Loading extension 'screenshots@mozilla.org': Reading manifest: Invalid extension permission: about:reader*
JavaScript error: resource://gre/modules/XULStore.jsm, line 66: Error: Can't find profile directory.
1631959355958	Marionette	INFO	Listening on port 62964
1631959356118	Marionette	WARN	TLS certificate errors will be ignored for this session
JavaScript error: https://www.facebook.com/plugins/page.php?href=https%3A%2F%2Fwww.facebook.com%2FITprofessionBOOK.DeepMind&tabs=timeline&width=340&height=150&small_header=true&adapt_container_width=true&hide_cover=false&show_facepile=true&appId=1735576049995500, line 1: SyntaxError: unexpected token: ':'
JavaScript error: https://www.facebook.com/plugins/page.php?href=https%3A%2F%2Fwww.facebook.com%2FITprofessionBOOK.DeepMind&tabs=timeline&width=340&height=150&small_header=true&adapt_container_width=true&hide_cover=false&show_facepile=true&appId=1735576049995500, line 1: SyntaxError: unexpected token: ':'
JavaScript error: https://www.facebook.com/plugins/page.php?href=https%3A%2F%2Fwww.facebook.com%2FITprofessionBOOK.DeepMind&tabs=timeline&width=340&height=150&small_header=true&adapt_container_width=true&hide_cover=false&show_facepile=true&appId=1735576049995500, line 1: SyntaxError: unexpected token: ':'
JavaScript error: https://www.facebook.com/plugins/page.php?href=https%3A%2F%2Fwww.facebook.com%2FITprofessionBOOK.DeepMind&tabs=timeline&width=340&height=150&small_header=true&adapt_container_width=true&hide_cover=false&show_facepile=true&appId=1735576049995500, line 1: SyntaxError: unexpected token: ':'
JavaScript error: https://www.facebook.com/plugins/page.php?href=https%3A%2F%2Fwww.facebook.com%2FITprofessionBOOK.DeepMind&tabs=timeline&width=340&height=150&small_header=true&adapt_container_width=true&hide_cover=false&show_facepile=true&appId=1735576049995500, line 1: SyntaxError: unexpected token: ':'
JavaScript error: https://www.facebook.com/plugins/page.php?href=https%3A%2F%2Fwww.facebook.com%2FITprofessionBOOK.DeepMind&tabs=timeline&width=340&height=150&small_header=true&adapt_container_width=true&hide_cover=false&show_facepile=true&appId=1735576049995500, line 1: SyntaxError: unexpected token: ':'
JavaScript error: https://www.facebook.com/plugins/page.php?href=https%3A%2F%2Fwww.facebook.com%2FITprofessionBOOK.DeepMind&tabs=timeline&width=340&height=150&small_header=true&adapt_container_width=true&hide_cover=false&show_facepile=true&appId=1735576049995500, line 1: SyntaxError: unexpected token: ':'
JavaScript error: https://www.facebook.com/plugins/page.php?href=https%3A%2F%2Fwww.facebook.com%2FITprofessionBOOK.DeepMind&tabs=timeline&width=340&height=150&small_header=true&adapt_container_width=true&hide_cover=false&show_facepile=true&appId=1735576049995500, line 1: SyntaxError: unexpected token: ':'
JavaScript error: https://www.facebook.com/plugins/page.php?href=https%3A%2F%2Fwww.facebook.com%2FITprofessionBOOK.DeepMind&tabs=timeline&width=340&height=150&small_header=true&adapt_container_width=true&hide_cover=false&show_facepile=true&appId=1735576049995500, line 1: SyntaxError: unexpected token: ':'
JavaScript error: https://www.facebook.com/plugins/page.php?href=https%3A%2F%2Fwww.facebook.com%2FITprofessionBOOK.DeepMind&tabs=timeline&width=340&height=150&small_header=true&adapt_container_width=true&hide_cover=false&show_facepile=true&appId=1735576049995500, line 1: SyntaxError: unexpected token: ':'
JavaScript error: https://www.facebook.com/plugins/page.php?href=https%3A%2F%2Fwww.facebook.com%2FITprofessionBOOK.DeepMind&tabs=timeline&width=340&height=150&small_header=true&adapt_container_width=true&hide_cover=false&show_facepile=true&appId=1735576049995500, line 1: SyntaxError: unexpected token: ':'
JavaScript error: https://www.facebook.com/plugins/page.php?href=https%3A%2F%2Fwww.facebook.com%2FITprofessionBOOK.DeepMind&tabs=timeline&width=340&height=150&small_header=true&adapt_container_width=true&hide_cover=false&show_facepile=true&appId=1735576049995500, line 1: SyntaxError: unexpected token: ':'
JavaScript error: https://www.facebook.com/plugins/page.php?href=https%3A%2F%2Fwww.facebook.com%2FITprofessionBOOK.DeepMind&tabs=timeline&width=340&height=150&small_header=true&adapt_container_width=true&hide_cover=false&show_facepile=true&appId=1735576049995500, line 1: SyntaxError: unexpected token: ':'
JavaScript error: https://www.facebook.com/plugins/page.php?href=https%3A%2F%2Fwww.facebook.com%2FITprofessionBOOK.DeepMind&tabs=timeline&width=340&height=150&small_header=true&adapt_container_width=true&hide_cover=false&show_facepile=true&appId=1735576049995500, line 1: SyntaxError: unexpected token: ':'
1631959367227	Marionette	INFO	Stopped listening on port 62964

###!!! [Child][RunMessage] Error: Channel closing: too late to send/recv, messages will be lost


###!!! [Child][MessageChannel::SendAndWait] Error: Channel error: cannot send/recv

1631959409025	geckodriver	INFO	Listening on 127.0.0.1:53288
1631959412105	mozrunner::runner	INFO	Running command: "C:\\Program Files (x86)\\Mozilla Firefox\\firefox.exe" "--marionette" "-no-remote" "-profile" "C:\\Users\\User\\AppData\\Local\\Temp\\rust_mozprofilexRh8Np"
1631959412695	addons.webextension.doh-rollout@mozilla.org	WARN	Loading extension 'doh-rollout@mozilla.org': Reading manifest: Invalid extension permission: networkStatus
1631959412822	addons.webextension.screenshots@mozilla.org	WARN	Loading extension 'screenshots@mozilla.org': Reading manifest: Invalid extension permission: mozillaAddons
1631959412822	addons.webextension.screenshots@mozilla.org	WARN	Loading extension 'screenshots@mozilla.org': Reading manifest: Invalid extension permission: telemetry
1631959412822	addons.webextension.screenshots@mozilla.org	WARN	Loading extension 'screenshots@mozilla.org': Reading manifest: Invalid extension permission: resource://pdf.js/
1631959412822	addons.webextension.screenshots@mozilla.org	WARN	Loading extension 'screenshots@mozilla.org': Reading manifest: Invalid extension permission: about:reader*
JavaScript error: resource://gre/modules/XULStore.jsm, line 66: Error: Can't find profile directory.
1631959414669	Marionette	INFO	Listening on port 54089
1631959414808	Marionette	WARN	TLS certificate errors will be ignored for this session
JavaScript error: https://www.facebook.com/plugins/page.php?href=https%3A%2F%2Fwww.facebook.com%2FITprofessionBOOK.DeepMind&tabs=timeline&width=340&height=150&small_header=true&adapt_container_width=true&hide_cover=false&show_facepile=true&appId=1735576049995500, line 1: SyntaxError: unexpected token: ':'
JavaScript error: https://www.facebook.com/plugins/page.php?href=https%3A%2F%2Fwww.facebook.com%2FITprofessionBOOK.DeepMind&tabs=timeline&width=340&height=150&small_header=true&adapt_container_width=true&hide_cover=false&show_facepile=true&appId=1735576049995500, line 1: SyntaxError: unexpected token: ':'
JavaScript error: https://www.facebook.com/plugins/page.php?href=https%3A%2F%2Fwww.facebook.com%2FITprofessionBOOK.DeepMind&tabs=timeline&width=340&height=150&small_header=true&adapt_container_width=true&hide_cover=false&show_facepile=true&appId=1735576049995500, line 1: SyntaxError: unexpected token: ':'
JavaScript error: https://www.facebook.com/plugins/page.php?href=https%3A%2F%2Fwww.facebook.com%2FITprofessionBOOK.DeepMind&tabs=timeline&width=340&height=150&small_header=true&adapt_container_width=true&hide_cover=false&show_facepile=true&appId=1735576049995500, line 1: SyntaxError: unexpected token: ':'
JavaScript error: https://www.facebook.com/plugins/page.php?href=https%3A%2F%2Fwww.facebook.com%2FITprofessionBOOK.DeepMind&tabs=timeline&width=340&height=150&small_header=true&adapt_container_width=true&hide_cover=false&show_facepile=true&appId=1735576049995500, line 1: SyntaxError: unexpected token: ':'
JavaScript error: https://www.facebook.com/plugins/page.php?href=https%3A%2F%2Fwww.facebook.com%2FITprofessionBOOK.DeepMind&tabs=timeline&width=340&height=150&small_header=true&adapt_container_width=true&hide_cover=false&show_facepile=true&appId=1735576049995500, line 1: SyntaxError: unexpected token: ':'
JavaScript error: https://www.facebook.com/plugins/page.php?href=https%3A%2F%2Fwww.facebook.com%2FITprofessionBOOK.DeepMind&tabs=timeline&width=340&height=150&small_header=true&adapt_container_width=true&hide_cover=false&show_facepile=true&appId=1735576049995500, line 1: SyntaxError: unexpected token: ':'
JavaScript error: https://www.facebook.com/plugins/page.php?href=https%3A%2F%2Fwww.facebook.com%2FITprofessionBOOK.DeepMind&tabs=timeline&width=340&height=150&small_header=true&adapt_container_width=true&hide_cover=false&show_facepile=true&appId=1735576049995500, line 1: SyntaxError: unexpected token: ':'
JavaScript error: https://www.facebook.com/plugins/page.php?href=https%3A%2F%2Fwww.facebook.com%2FITprofessionBOOK.DeepMind&tabs=timeline&width=340&height=150&small_header=true&adapt_container_width=true&hide_cover=false&show_facepile=true&appId=1735576049995500, line 1: SyntaxError: unexpected token: ':'
JavaScript error: https://www.facebook.com/plugins/page.php?href=https%3A%2F%2Fwww.facebook.com%2FITprofessionBOOK.DeepMind&tabs=timeline&width=340&height=150&small_header=true&adapt_container_width=true&hide_cover=false&show_facepile=true&appId=1735576049995500, line 1: SyntaxError: unexpected token: ':'
JavaScript error: https://www.facebook.com/plugins/page.php?href=https%3A%2F%2Fwww.facebook.com%2FITprofessionBOOK.DeepMind&tabs=timeline&width=340&height=150&small_header=true&adapt_container_width=true&hide_cover=false&show_facepile=true&appId=1735576049995500, line 1: SyntaxError: unexpected token: ':'
JavaScript error: https://www.facebook.com/plugins/page.php?href=https%3A%2F%2Fwww.facebook.com%2FITprofessionBOOK.DeepMind&tabs=timeline&width=340&height=150&small_header=true&adapt_container_width=true&hide_cover=false&show_facepile=true&appId=1735576049995500, line 1: SyntaxError: unexpected token: ':'
JavaScript error: https://www.facebook.com/plugins/page.php?href=https%3A%2F%2Fwww.facebook.com%2FITprofessionBOOK.DeepMind&tabs=timeline&width=340&height=150&small_header=true&adapt_container_width=true&hide_cover=false&show_facepile=true&appId=1735576049995500, line 1: SyntaxError: unexpected token: ':'
JavaScript error: https://www.facebook.com/plugins/page.php?href=https%3A%2F%2Fwww.facebook.com%2FITprofessionBOOK.DeepMind&tabs=timeline&width=340&height=150&small_header=true&adapt_container_width=true&hide_cover=false&show_facepile=true&appId=1735576049995500, line 1: SyntaxError: unexpected token: ':'
1631959426237	Marionette	INFO	Stopped listening on port 54089

###!!! [Child][RunMessage] Error: Channel closing: too late to send/recv, messages will be lost


###!!! [Child][MessageChannel::SendAndWait] Error: Channel error: cannot send/recv

1631959988734	geckodriver	INFO	Listening on 127.0.0.1:54095
1631959991814	mozrunner::runner	INFO	Running command: "C:\\Program Files (x86)\\Mozilla Firefox\\firefox.exe" "--marionette" "-no-remote" "-profile" "C:\\Users\\User\\AppData\\Local\\Temp\\rust_mozprofile6SrZUc"
1631959992399	addons.webextension.doh-rollout@mozilla.org	WARN	Loading extension 'doh-rollout@mozilla.org': Reading manifest: Invalid extension permission: networkStatus
1631959992526	addons.webextension.screenshots@mozilla.org	WARN	Loading extension 'screenshots@mozilla.org': Reading manifest: Invalid extension permission: mozillaAddons
1631959992526	addons.webextension.screenshots@mozilla.org	WARN	Loading extension 'screenshots@mozilla.org': Reading manifest: Invalid extension permission: telemetry
1631959992526	addons.webextension.screenshots@mozilla.org	WARN	Loading extension 'screenshots@mozilla.org': Reading manifest: Invalid extension permission: resource://pdf.js/
1631959992526	addons.webextension.screenshots@mozilla.org	WARN	Loading extension 'screenshots@mozilla.org': Reading manifest: Invalid extension permission: about:reader*
JavaScript error: resource://gre/modules/XULStore.jsm, line 66: Error: Can't find profile directory.
1631959994511	Marionette	INFO	Listening on port 57459
1631959995011	Marionette	WARN	TLS certificate errors will be ignored for this session
JavaScript error: resource:///modules/BrowserUsageTelemetry.jsm, line 303: TypeError: this._timeouts.remove is not a function
JavaScript error: resource:///modules/BrowserUsageTelemetry.jsm, line 303: TypeError: this._timeouts.remove is not a function
JavaScript error: , line 0: uncaught exception: Object
rollout@mozilla.org	WARN	Loading extension 'doh-rollout@mozilla.org': Reading manifest: Invalid extension permission: networkStatus
1631960163514	addons.webextension.screenshots@mozilla.org	WARN	Loading extension 'screenshots@mozilla.org': Reading manifest: Invalid extension permission: mozillaAddons
1631960163514	addons.webextension.screenshots@mozilla.org	WARN	Loading extension 'screenshots@mozilla.org': Reading manifest: Invalid extension permission: telemetry
1631960163514	addons.webextension.screenshots@mozilla.org	WARN	Loading extension 'screenshots@mozilla.org': Reading manifest: Invalid extension permission: resource://pdf.js/
1631960163515	addons.webextension.screenshots@mozilla.org	WARN	Loading extension 'screenshots@mozilla.org': Reading manifest: Invalid extension permission: about:reader*
JavaScript error: resource://gre/modules/XULStore.jsm, line 66: Error: Can't find profile directory.
1631960165578	Marionette	INFO	Listening on port 52892
1631960165937	Marionette	WARN	TLS certificate errors will be ignored for this session
JavaScript error: resource:///actors/LightweightThemeChild.jsm, line 28: TypeError: this.docShell is null
JavaScript error: resource:///actors/LightweightThemeChild.jsm, line 28: TypeError: this.docShell is null
JavaScript error: resource:///actors/LightweightThemeChild.jsm, line 28: TypeError: this.docShell is null
JavaScript error: resource:///actors/LightweightThemeChild.jsm, line 28: TypeError: this.docShell is null
JavaScript error: resource:///actors/LightweightThemeChild.jsm, line 28: TypeError: this.docShell is null
1631960331270	Marionette	INFO	Stopped listening on port 52892

###!!! [Child][RunMessage] Error: Channel closing: too late to send/recv, messages will be lost


###!!! [Child][MessageChannel::SendAndWait] Error: Channel error: cannot send/recv

1631960388846	geckodriver	INFO	Listening on 127.0.0.1:63670
1631960391934	mozrunner::runner	INFO	Running command: "C:\\Program Files (x86)\\Mozilla Firefox\\firefox.exe" "--marionette" "-no-remote" "-profile" "C:\\Users\\User\\AppData\\Local\\Temp\\rust_mozprofileakZFao"
1631960392618	addons.webextension.doh-rollout@mozilla.org	WARN	Loading extension 'doh-rollout@mozilla.org': Reading manifest: Invalid extension permission: networkStatus
1631960392743	addons.webextension.screenshots@mozilla.org	WARN	Loading extension 'screenshots@mozilla.org': Reading manifest: Invalid extension permission: mozillaAddons
1631960392743	addons.webextension.screenshots@mozilla.org	WARN	Loading extension 'screenshots@mozilla.org': Reading manifest: Invalid extension permission: telemetry
1631960392743	addons.webextension.screenshots@mozilla.org	WARN	Loading extension 'screenshots@mozilla.org': Reading manifest: Invalid extension permission: resource://pdf.js/
1631960392743	addons.webextension.screenshots@mozilla.org	WARN	Loading extension 'screenshots@mozilla.org': Reading manifest: Invalid extension permission: about:reader*
JavaScript error: resource://gre/modules/XULStore.jsm, line 66: Error: Can't find profile directory.
1631960394889	Marionette	INFO	Listening on port 57032
1631960395146	Marionette	WARN	TLS certificate errors will be ignored for this session
JavaScript error: resource:///modules/BrowserUsageTelemetry.jsm, line 303: TypeError: this._timeouts.remove is not a function
JavaScript error: resource:///modules/BrowserUsageTelemetry.jsm, line 303: TypeError: this._timeouts.remove is not a function
JavaScript error: , line 0: uncaught exception: Object
rollout@mozilla.org	WARN	Loading extension 'doh-rollout@mozilla.org': Reading manifest: Invalid extension permission: networkStatus
1631960729601	addons.webextension.screenshots@mozilla.org	WARN	Loading extension 'screenshots@mozilla.org': Reading manifest: Invalid extension permission: mozillaAddons
1631960729601	addons.webextension.screenshots@mozilla.org	WARN	Loading extension 'screenshots@mozilla.org': Reading manifest: Invalid extension permission: telemetry
1631960729601	addons.webextension.screenshots@mozilla.org	WARN	Loading extension 'screenshots@mozilla.org': Reading manifest: Invalid extension permission: resource://pdf.js/
1631960729602	addons.webextension.screenshots@mozilla.org	WARN	Loading extension 'screenshots@mozilla.org': Reading manifest: Invalid extension permission: about:reader*
JavaScript error: resource://gre/modules/XULStore.jsm, line 66: Error: Can't find profile directory.
1631960731740	Marionette	INFO	Listening on port 60434
1631960732159	Marionette	WARN	TLS certificate errors will be ignored for this session
1631960837780	Marionette	INFO	Stopped listening on port 60434

###!!! [Child][RunMessage] Error: Channel closing: too late to send/recv, messages will be lost


###!!! [Child][MessageChannel::SendAndWait] Error: Channel error: cannot send/recv

1631962619102	geckodriver	INFO	Listening on 127.0.0.1:49458
1631962622181	mozrunner::runner	INFO	Running command: "C:\\Program Files (x86)\\Mozilla Firefox\\firefox.exe" "--marionette" "-no-remote" "-profile" "C:\\Users\\User\\AppData\\Local\\Temp\\rust_mozprofilea7JPLn"
1631962622796	addons.webextension.doh-rollout@mozilla.org	WARN	Loading extension 'doh-rollout@mozilla.org': Reading manifest: Invalid extension permission: networkStatus
1631962622929	addons.webextension.screenshots@mozilla.org	WARN	Loading extension 'screenshots@mozilla.org': Reading manifest: Invalid extension permission: mozillaAddons
1631962622929	addons.webextension.screenshots@mozilla.org	WARN	Loading extension 'screenshots@mozilla.org': Reading manifest: Invalid extension permission: telemetry
1631962622929	addons.webextension.screenshots@mozilla.org	WARN	Loading extension 'screenshots@mozilla.org': Reading manifest: Invalid extension permission: resource://pdf.js/
1631962622929	addons.webextension.screenshots@mozilla.org	WARN	Loading extension 'screenshots@mozilla.org': Reading manifest: Invalid extension permission: about:reader*
JavaScript error: resource://gre/modules/XULStore.jsm, line 66: Error: Can't find profile directory.
1631962624840	Marionette	INFO	Listening on port 54958
1631962625347	Marionette	WARN	TLS certificate errors will be ignored for this session
1631962646705	Marionette	INFO	Stopped listening on port 54958

###!!! [Child][RunMessage] Error: Channel closing: too late to send/recv, messages will be lost


###!!! [Child][MessageChannel::SendAndWait] Error: Channel error: cannot send/recv

1631963143500	geckodriver	INFO	Listening on 127.0.0.1:58585
1631963146582	mozrunner::runner	INFO	Running command: "C:\\Program Files (x86)\\Mozilla Firefox\\firefox.exe" "--marionette" "-no-remote" "-profile" "C:\\Users\\User\\AppData\\Local\\Temp\\rust_mozprofilesfYzwD"
1631963147067	addons.webextension.doh-rollout@mozilla.org	WARN	Loading extension 'doh-rollout@mozilla.org': Reading manifest: Invalid extension permission: networkStatus
1631963147165	addons.webextension.screenshots@mozilla.org	WARN	Loading extension 'screenshots@mozilla.org': Reading manifest: Invalid extension permission: mozillaAddons
1631963147165	addons.webextension.screenshots@mozilla.org	WARN	Loading extension 'screenshots@mozilla.org': Reading manifest: Invalid extension permission: telemetry
1631963147165	addons.webextension.screenshots@mozilla.org	WARN	Loading extension 'screenshots@mozilla.org': Reading manifest: Invalid extension permission: resource://pdf.js/
1631963147165	addons.webextension.screenshots@mozilla.org	WARN	Loading extension 'screenshots@mozilla.org': Reading manifest: Invalid extension permission: about:reader*
JavaScript error: resource://gre/modules/XULStore.jsm, line 66: Error: Can't find profile directory.
1631963148947	Marionette	INFO	Listening on port 55180
1631963149269	Marionette	WARN	TLS certificate errors will be ignored for this session
1631963157072	Marionette	INFO	Stopped listening on port 55180

###!!! [Child][MessageChannel::SendAndWait] Error: Channel error: cannot send/recv

1631963527021	geckodriver	INFO	Listening on 127.0.0.1:52958
1631963530095	mozrunner::runner	INFO	Running command: "C:\\Program Files (x86)\\Mozilla Firefox\\firefox.exe" "--marionette" "-no-remote" "-profile" "C:\\Users\\User\\AppData\\Local\\Temp\\rust_mozprofilefC5Wko"
1631963530514	addons.webextension.doh-rollout@mozilla.org	WARN	Loading extension 'doh-rollout@mozilla.org': Reading manifest: Invalid extension permission: networkStatus
1631963530612	addons.webextension.screenshots@mozilla.org	WARN	Loading extension 'screenshots@mozilla.org': Reading manifest: Invalid extension permission: mozillaAddons
1631963530612	addons.webextension.screenshots@mozilla.org	WARN	Loading extension 'screenshots@mozilla.org': Reading manifest: Invalid extension permission: telemetry
1631963530612	addons.webextension.screenshots@mozilla.org	WARN	Loading extension 'screenshots@mozilla.org': Reading manifest: Invalid extension permission: resource://pdf.js/
1631963530612	addons.webextension.screenshots@mozilla.org	WARN	Loading extension 'screenshots@mozilla.org': Reading manifest: Invalid extension permission: about:reader*
JavaScript error: resource://gre/modules/XULStore.jsm, line 66: Error: Can't find profile directory.
1631963532364	Marionette	INFO	Listening on port 59196
1631963532774	Marionette	WARN	TLS certificate errors will be ignored for this session
1631966917002	Marionette	INFO	Stopped listening on port 59196

###!!! [Child][RunMessage] Error: Channel closing: too late to send/recv, messages will be lost


###!!! [Child][MessageChannel::SendAndWait] Error: Channel error: cannot send/recv

1631967251724	geckodriver	INFO	Listening on 127.0.0.1:54445
1631967254785	mozrunner::runner	INFO	Running command: "C:\\Program Files (x86)\\Mozilla Firefox\\firefox.exe" "--marionette" "-no-remote" "-profile" "C:\\Users\\User\\AppData\\Local\\Temp\\rust_mozprofileKmlzAy"
1631967255247	addons.webextension.doh-rollout@mozilla.org	WARN	Loading extension 'doh-rollout@mozilla.org': Reading manifest: Invalid extension permission: networkStatus
1631967255348	addons.webextension.screenshots@mozilla.org	WARN	Loading extension 'screenshots@mozilla.org': Reading manifest: Invalid extension permission: mozillaAddons
1631967255349	addons.webextension.screenshots@mozilla.org	WARN	Loading extension 'screenshots@mozilla.org': Reading manifest: Invalid extension permission: telemetry
1631967255349	addons.webextension.screenshots@mozilla.org	WARN	Loading extension 'screenshots@mozilla.org': Reading manifest: Invalid extension permission: resource://pdf.js/
1631967255349	addons.webextension.screenshots@mozilla.org	WARN	Loading extension 'screenshots@mozilla.org': Reading manifest: Invalid extension permission: about:reader*
JavaScript error: resource://gre/modules/XULStore.jsm, line 66: Error: Can't find profile directory.
1631967257096	Marionette	INFO	Listening on port 63950
1631967257455	Marionette	WARN	TLS certificate errors will be ignored for this session
1631967307322	Marionette	INFO	Stopped listening on port 63950

###!!! [Child][RunMessage] Error: Channel closing: too late to send/recv, messages will be lost


###!!! [Child][MessageChannel::SendAndWait] Error: Channel error: cannot send/recv

1631967480379	geckodriver	INFO	Listening on 127.0.0.1:49969
1631967483444	mozrunner::runner	INFO	Running command: "C:\\Program Files (x86)\\Mozilla Firefox\\firefox.exe" "--marionette" "-no-remote" "-profile" "C:\\Users\\User\\AppData\\Local\\Temp\\rust_mozprofile3YEzFU"
1631967483950	addons.webextension.doh-rollout@mozilla.org	WARN	Loading extension 'doh-rollout@mozilla.org': Reading manifest: Invalid extension permission: networkStatus
1631967484066	addons.webextension.screenshots@mozilla.org	WARN	Loading extension 'screenshots@mozilla.org': Reading manifest: Invalid extension permission: mozillaAddons
1631967484066	addons.webextension.screenshots@mozilla.org	WARN	Loading extension 'screenshots@mozilla.org': Reading manifest: Invalid extension permission: telemetry
1631967484067	addons.webextension.screenshots@mozilla.org	WARN	Loading extension 'screenshots@mozilla.org': Reading manifest: Invalid extension permission: resource://pdf.js/
1631967484067	addons.webextension.screenshots@mozilla.org	WARN	Loading extension 'screenshots@mozilla.org': Reading manifest: Invalid extension permission: about:reader*
JavaScript error: resource://gre/modules/XULStore.jsm, line 66: Error: Can't find profile directory.
1631967485993	Marionette	INFO	Listening on port 59887
1631967486109	Marionette	WARN	TLS certificate errors will be ignored for this session
1631967557381	Marionette	INFO	Stopped listening on port 59887

###!!! [Child][RunMessage] Error: Channel closing: too late to send/recv, messages will be lost

1631967578074	geckodriver	INFO	Listening on 127.0.0.1:56723
1631967581127	mozrunner::runner	INFO	Running command: "C:\\Program Files (x86)\\Mozilla Firefox\\firefox.exe" "--marionette" "-no-remote" "-profile" "C:\\Users\\User\\AppData\\Local\\Temp\\rust_mozprofileiGTJSf"
1631967581776	addons.webextension.doh-rollout@mozilla.org	WARN	Loading extension 'doh-rollout@mozilla.org': Reading manifest: Invalid extension permission: networkStatus
1631967581870	addons.webextension.screenshots@mozilla.org	WARN	Loading extension 'screenshots@mozilla.org': Reading manifest: Invalid extension permission: mozillaAddons
1631967581871	addons.webextension.screenshots@mozilla.org	WARN	Loading extension 'screenshots@mozilla.org': Reading manifest: Invalid extension permission: telemetry
1631967581871	addons.webextension.screenshots@mozilla.org	WARN	Loading extension 'screenshots@mozilla.org': Reading manifest: Invalid extension permission: resource://pdf.js/
1631967581871	addons.webextension.screenshots@mozilla.org	WARN	Loading extension 'screenshots@mozilla.org': Reading manifest: Invalid extension permission: about:reader*
JavaScript error: resource://gre/modules/XULStore.jsm, line 66: Error: Can't find profile directory.
1631967583711	Marionette	INFO	Listening on port 60813
1631967583801	Marionette	WARN	TLS certificate errors will be ignored for this session
1631967598926	Marionette	INFO	Stopped listening on port 60813

###!!! [Child][RunMessage] Error: Channel closing: too late to send/recv, messages will be lost


###!!! [Child][MessageChannel::SendAndWait] Error: Channel error: cannot send/recv

